<?xml version="1.0" encoding="UTF-8"?>
<testsuite name="com.floristeriamundoflor.Runners.AgregarProductosAmorRunner" tests="0" skipped="0" failures="0" errors="0" timestamp="1970-01-01T00:00:00" hostname="DESKTOP-PBHBGKH" time="0.0">
  <properties/>
  <system-out><![CDATA[
?[31mFailed scenarios:?[0m
?[31msrc/test/resources/features/AgregarProductosAmor.feature:6 ?[0m# Seleccionar dos productos de la

1 Scenarios (?[31m1 failed?[0m)
7 Steps (?[31m1 failed?[0m, ?[36m3 skipped?[0m, ?[33m1 undefined?[0m, ?[32m2 passed?[0m)
0m21,366s

java.lang.NullPointerException
	at com.floristeriamundoflor.StepDefinitions.AgregarProductosAmorStepDefinition.el_agregue_al_carrito_el_producto_uno(AgregarProductosAmorStepDefinition.java:33)
	at ?.El agregue al carrito el producto uno(src/test/resources/features/AgregarProductosAmor.feature:11)


You can implement missing steps with the snippets below:

@Cuando("^El agregue al carrito el producto dos$")
public void el_agregue_al_carrito_el_producto_dos() {
    // Write code here that turns the phrase above into concrete actions
    throw new PendingException();
}


]]></system-out>
  <system-err><![CDATA[[Test worker] INFO net.thucydides.core.steps.ConsoleLoggingListener - 

-------------------------------------------------------------------------------------
     _______. _______ .______       _______ .__   __.  __  .___________.____    ____ 
    /       ||   ____||   _  \     |   ____||  \ |  | |  | |           |\   \  /   / 
   |   (----`|  |__   |  |_)  |    |  |__   |   \|  | |  | `---|  |----` \   \/   /  
    \   \    |   __|  |      /     |   __|  |  . `  | |  |     |  |       \_    _/   
.----)   |   |  |____ |  |\  \----.|  |____ |  |\   | |  |     |  |         |  |     
|_______/    |_______|| _| `._____||_______||__| \__| |__|     |__|         |__|    
                                                                                     
 News and tutorials at http://www.serenity-bdd.info                                  
 Documentation at https://wakaleo.gitbooks.io/the-serenity-book/content/             
 Join the Serenity Community on Rocket Chat at https://serenity-bdd.rocket.chat      
 Serenity BDD Support and Training at http://serenity-bdd.info/#/trainingandsupport  
 Learn Serenity BDD online at http://serenity-dojo.com                               
-------------------------------------------------------------------------------------

[Test worker] INFO net.thucydides.core.steps.ConsoleLoggingListener - Test Suite Started: Agregar Productos Amor
[Test worker] INFO net.thucydides.core.steps.ConsoleLoggingListener - 
 _____ _____ ____ _____   ____ _____  _    ____ _____ _____ ____  
|_   _| ____/ ___|_   _| / ___|_   _|/ \  |  _ \_   _| ____|  _ \ 
  | | |  _| \___ \ | |   \___ \ | | / _ \ | |_) || | |  _| | | | |
  | | | |___ ___) || |    ___) || |/ ___ \|  _ < | | | |___| |_| |
  |_| |_____|____/ |_|   |____/ |_/_/   \_\_| \_\|_| |_____|____/ 
                                                                  

TEST STARTED: Seleccionar dos productos de la
-------------------------------------------------------------------(agregar-productos-amor;seleccionar-dos-productos-de-la)
]]></system-err>
</testsuite>
